<?xml version="1.0" encoding="UTF-8"?>
<!-- Generated by org.testng.reporters.JUnitXMLReporter -->
<testsuite ignored="0" hostname="LAPTOP-LLJR43P0" failures="0" tests="5" name="Test2" time="37.843" errors="0" timestamp="2023-10-27T08:56:33 IST">
  <testcase classname="TestScript.LoginTest" name="verifyUserLoginwithInValidCredentials" time="3.787"/>
  <testcase classname="TestScript.LoginTest" name="verifyUserLoginwithInValidUsernameAndValidPassword" time="1.888"/>
  <testcase classname="TestScript.LoginTest" name="verifyUserLoginwithValidCredentials" time="2.006"/>
  <testcase classname="TestScript.LoginTest" name="verifyUserLoginwithValidUsernameandInvalidPassword" time="1.418"/>
  <testcase classname="TestScript.ManageLocationTest" name="verifyEditdeliverychargeTextfeildFunctionalityOnManageLocationPage" time="5.707"/>
</testsuite> <!-- Test2 -->
