<?xml version="1.0" encoding="UTF-8"?>
<!-- Generated by org.testng.reporters.JUnitXMLReporter -->
<testsuite ignored="0" hostname="LAPTOP-LLJR43P0" failures="0" tests="5" name="Test1" time="36.618" errors="0" timestamp="2023-10-27T08:56:32 IST">
  <testcase classname="TestScript.LoginTest" name="verifyUserLoginwithInValidCredentials" time="3.519"/>
  <testcase classname="TestScript.LoginTest" name="verifyUserLoginwithInValidUsernameAndValidPassword" time="1.681"/>
  <testcase classname="TestScript.LoginTest" name="verifyUserLoginwithValidCredentials" time="1.929"/>
  <testcase classname="TestScript.LoginTest" name="verifyUserLoginwithValidUsernameandInvalidPassword" time="1.136"/>
  <testcase classname="TestScript.ManageLocationTest" name="verifyEditdeliverychargeTextfeildFunctionalityOnManageLocationPage" time="4.833"/>
</testsuite> <!-- Test1 -->
