<?xml version="1.0" encoding="UTF-8"?>
<!-- Generated by org.testng.reporters.JUnitXMLReporter -->
<testsuite ignored="3" hostname="LAPTOP-LLJR43P0" failures="0" tests="1" name="chromeTest" time="54.558" errors="0" timestamp="2023-10-25T21:45:50 IST">
  <testcase classname="TestScript.LoginTest" name="verifyUserLoginwithValidCredentials" time="2.981"/>
  <testcase classname="TestScript.LoginTest" name="verifyUserLoginwithInValidUsernameAndValidPassword" time="0.0">
    <ignored/>
  </testcase> <!-- verifyUserLoginwithInValidUsernameAndValidPassword -->
  <testcase classname="TestScript.LoginTest" name="verifyUserLoginwithValidUsernameandInvalidPassword" time="0.0">
    <ignored/>
  </testcase> <!-- verifyUserLoginwithValidUsernameandInvalidPassword -->
  <testcase classname="TestScript.LoginTest" name="verifyUserLoginwithInValidCredentials" time="0.0">
    <ignored/>
  </testcase> <!-- verifyUserLoginwithInValidCredentials -->
</testsuite> <!-- chromeTest -->
