<?xml version="1.0" encoding="UTF-8"?>
<testng-results ignored="0" total="1" passed="1" failed="0" skipped="0">
  <reporter-output>
  </reporter-output>
  <suite started-at="2023-10-27T21:07:28 IST" name="Suite" finished-at="2023-10-27T21:08:30 IST" duration-ms="61632">
    <groups>
      <group name="regression">
        <method signature="LoginTest.verifyUserLoginwithInValidCredentials()[pri:0, instance:TestScript.LoginTest@5443d039]" name="verifyUserLoginwithInValidCredentials" class="TestScript.LoginTest"/>
      </group> <!-- regression -->
    </groups>
    <test started-at="2023-10-27T21:07:28 IST" name="Test" finished-at="2023-10-27T21:08:30 IST" duration-ms="61632">
      <class name="TestScript.LoginTest">
        <test-method is-config="true" signature="initilizeBrowser(java.lang.String)[pri:0, instance:TestScript.LoginTest@5443d039]" started-at="2023-10-27T21:07:29 IST" name="initilizeBrowser" finished-at="2023-10-27T21:08:25 IST" duration-ms="55867" status="PASS">
          <params>
            <param index="0">
              <value>
                <![CDATA[chrome]]>
              </value>
            </param>
          </params>
          <reporter-output>
          </reporter-output>
        </test-method> <!-- initilizeBrowser -->
        <test-method signature="verifyUserLoginwithInValidCredentials()[pri:0, instance:TestScript.LoginTest@5443d039]" started-at="2023-10-27T21:08:25 IST" name="verifyUserLoginwithInValidCredentials" description="Verify whether user is able to login using invalid username and password" finished-at="2023-10-27T21:08:29 IST" duration-ms="4712" status="PASS">
          <reporter-output>
          </reporter-output>
        </test-method> <!-- verifyUserLoginwithInValidCredentials -->
        <test-method is-config="true" signature="driverClose(org.testng.ITestResult)[pri:0, instance:TestScript.LoginTest@5443d039]" started-at="2023-10-27T21:08:29 IST" name="driverClose" finished-at="2023-10-27T21:08:30 IST" duration-ms="851" status="PASS">
          <params>
            <param index="0">
              <value>
                <![CDATA[[TestResult name=verifyUserLoginwithInValidCredentials status=SUCCESS method=LoginTest.verifyUserLoginwithInValidCredentials()[pri:0, instance:TestScript.LoginTest@5443d039] output={null}]]]>
              </value>
            </param>
          </params>
          <reporter-output>
          </reporter-output>
        </test-method> <!-- driverClose -->
      </class> <!-- TestScript.LoginTest -->
    </test> <!-- Test -->
  </suite> <!-- Suite -->
</testng-results>
